<?xml version="1.0" encoding="UTF-8"?>
<!-- Generated by org.testng.reporters.JUnitReportReporter -->
<testsuite hostname="CCE0612" failures="0" tests="1" name="basics.Dargndrop" time="21.275" errors="0" timestamp="2025-03-19T16:11:19 IST" skipped="0">
  <testcase classname="basics.Dargndrop" name="drop" time="21.275"/>
  <system-out/>
</testsuite> <!-- basics.Dargndrop -->
