<?xml version="1.0" encoding="UTF-8"?>
<!-- Generated by org.testng.reporters.JUnitReportReporter -->
<testsuite hostname="CCE0612" failures="0" tests="1" name="basics.Alert" time="58.163" errors="0" timestamp="2025-03-19T16:42:13 IST" skipped="0">
  <testcase classname="basics.Alert" name="alert" time="58.163"/>
  <system-out/>
</testsuite> <!-- basics.Alert -->
