<?xml version="1.0" encoding="UTF-8"?>
<!-- Generated by org.testng.reporters.JUnitReportReporter -->
<testsuite hostname="CCE0612" failures="0" tests="1" name="basics.Test1" time="15.275" errors="0" timestamp="2025-03-19T12:40:09 IST" skipped="0">
  <testcase classname="basics.Test1" name="test1" time="15.275"/>
  <system-out/>
</testsuite> <!-- basics.Test1 -->
